2025-05-11 12:57:33,415 INFO    MainThread:723468 [wandb_setup.py:_flush():67] Current SDK version is 0.19.7
2025-05-11 12:57:33,415 INFO    MainThread:723468 [wandb_setup.py:_flush():67] Configure stats pid to 723468
2025-05-11 12:57:33,415 INFO    MainThread:723468 [wandb_setup.py:_flush():67] Loading settings from /u/yzhang70/.config/wandb/settings
2025-05-11 12:57:33,415 INFO    MainThread:723468 [wandb_setup.py:_flush():67] Loading settings from /u/yzhang70/CS444-Final-Project/wandb/settings
2025-05-11 12:57:33,416 INFO    MainThread:723468 [wandb_setup.py:_flush():67] Loading settings from environment variables
2025-05-11 12:57:33,416 INFO    MainThread:723468 [wandb_init.py:setup_run_log_directory():647] Logging user logs to /u/yzhang70/CS444-Final-Project/wandb/run-20250511_125733-f64a1b0g/logs/debug.log
2025-05-11 12:57:33,416 INFO    MainThread:723468 [wandb_init.py:setup_run_log_directory():648] Logging internal logs to /u/yzhang70/CS444-Final-Project/wandb/run-20250511_125733-f64a1b0g/logs/debug-internal.log
2025-05-11 12:57:33,416 INFO    MainThread:723468 [wandb_init.py:init():761] calling init triggers
2025-05-11 12:57:33,416 INFO    MainThread:723468 [wandb_init.py:init():766] wandb.init called with sweep_config: {}
config: {'model': 'resnet18', 'batch_size': 32, 'dropout_rate': 0.4, 'num_epochs': 200, 'train_set_ratio': 0.5, 'test_set_ratio': 0.5, 'pretrained': True, '_wandb': {}}
2025-05-11 12:57:33,416 INFO    MainThread:723468 [wandb_init.py:init():784] starting backend
2025-05-11 12:57:33,416 INFO    MainThread:723468 [wandb_init.py:init():788] sending inform_init request
2025-05-11 12:57:33,428 INFO    MainThread:723468 [backend.py:_multiprocessing_setup():97] multiprocessing start_methods=fork,spawn,forkserver, using: spawn
2025-05-11 12:57:33,428 INFO    MainThread:723468 [wandb_init.py:init():803] backend started and connected
2025-05-11 12:57:33,429 INFO    MainThread:723468 [wandb_init.py:init():896] updated telemetry
2025-05-11 12:57:33,444 INFO    MainThread:723468 [wandb_init.py:init():920] communicating run to backend with 90.0 second timeout
2025-05-11 12:57:33,717 INFO    MainThread:723468 [wandb_init.py:init():995] starting run threads in backend
2025-05-11 12:57:33,989 INFO    MainThread:723468 [wandb_run.py:_console_start():2377] atexit reg
2025-05-11 12:57:33,989 INFO    MainThread:723468 [wandb_run.py:_redirect():2227] redirect: wrap_raw
2025-05-11 12:57:33,989 INFO    MainThread:723468 [wandb_run.py:_redirect():2292] Wrapping output streams.
2025-05-11 12:57:33,989 INFO    MainThread:723468 [wandb_run.py:_redirect():2317] Redirects installed.
2025-05-11 12:57:33,994 INFO    MainThread:723468 [wandb_init.py:init():1037] run started, returning control to user process
2025-05-11 12:57:34,597 WARNING MsgRouterThr:723468 [router.py:message_loop():77] message_loop has been closed
Traceback (most recent call last):
  File "/u/yzhang70/miniconda3/envs/pinn/lib/python3.10/site-packages/wandb/sdk/interface/router_sock.py", line 28, in _read_message
    resp = self._sock_client.read_server_response(timeout=1)
  File "/u/yzhang70/miniconda3/envs/pinn/lib/python3.10/site-packages/wandb/sdk/lib/sock_client.py", line 285, in read_server_response
    data = self._read_packet_bytes(timeout=timeout)
  File "/u/yzhang70/miniconda3/envs/pinn/lib/python3.10/site-packages/wandb/sdk/lib/sock_client.py", line 270, in _read_packet_bytes
    raise SockClientClosedError
wandb.sdk.lib.sock_client.SockClientClosedError

The above exception was the direct cause of the following exception:

Traceback (most recent call last):
  File "/u/yzhang70/miniconda3/envs/pinn/lib/python3.10/site-packages/wandb/sdk/interface/router.py", line 70, in message_loop
    msg = self._read_message()
  File "/u/yzhang70/miniconda3/envs/pinn/lib/python3.10/site-packages/wandb/sdk/interface/router_sock.py", line 30, in _read_message
    raise MessageRouterClosedError from e
wandb.sdk.interface.router.MessageRouterClosedError
2025-05-11 12:57:34,600 INFO    MsgRouterThr:723468 [mailbox.py:close():115] Closing mailbox, abandoning 1 handles.
