2025-05-11 11:53:50,929 INFO    MainThread:31227 [wandb_setup.py:_flush():67] Current SDK version is 0.19.7
2025-05-11 11:53:50,929 INFO    MainThread:31227 [wandb_setup.py:_flush():67] Configure stats pid to 31227
2025-05-11 11:53:50,929 INFO    MainThread:31227 [wandb_setup.py:_flush():67] Loading settings from /u/yzhang70/.config/wandb/settings
2025-05-11 11:53:50,929 INFO    MainThread:31227 [wandb_setup.py:_flush():67] Loading settings from /u/yzhang70/CS444-Final-Project/wandb/settings
2025-05-11 11:53:50,929 INFO    MainThread:31227 [wandb_setup.py:_flush():67] Loading settings from environment variables
2025-05-11 11:53:50,930 INFO    MainThread:31227 [wandb_init.py:setup_run_log_directory():647] Logging user logs to /u/yzhang70/CS444-Final-Project/wandb/run-20250511_115350-mrgm4p6n/logs/debug.log
2025-05-11 11:53:50,930 INFO    MainThread:31227 [wandb_init.py:setup_run_log_directory():648] Logging internal logs to /u/yzhang70/CS444-Final-Project/wandb/run-20250511_115350-mrgm4p6n/logs/debug-internal.log
2025-05-11 11:53:50,930 INFO    MainThread:31227 [wandb_init.py:init():761] calling init triggers
2025-05-11 11:53:50,930 INFO    MainThread:31227 [wandb_init.py:init():766] wandb.init called with sweep_config: {}
config: {'model': 'convnext_tiny', 'batch_size': 32, 'dropout_rate': 0.4, 'num_epochs': 500, 'train_set_ratio': 0.9, 'test_set_ratio': 0.09999999999999998, 'pretrained': True, '_wandb': {}}
2025-05-11 11:53:50,930 INFO    MainThread:31227 [wandb_init.py:init():784] starting backend
2025-05-11 11:53:50,930 INFO    MainThread:31227 [wandb_init.py:init():788] sending inform_init request
2025-05-11 11:53:50,934 INFO    MainThread:31227 [backend.py:_multiprocessing_setup():97] multiprocessing start_methods=fork,spawn,forkserver, using: spawn
2025-05-11 11:53:50,936 INFO    MainThread:31227 [wandb_init.py:init():803] backend started and connected
2025-05-11 11:53:50,938 INFO    MainThread:31227 [wandb_init.py:init():896] updated telemetry
2025-05-11 11:53:50,958 INFO    MainThread:31227 [wandb_init.py:init():920] communicating run to backend with 90.0 second timeout
2025-05-11 11:53:51,217 INFO    MainThread:31227 [wandb_init.py:init():995] starting run threads in backend
2025-05-11 11:53:51,480 INFO    MainThread:31227 [wandb_run.py:_console_start():2377] atexit reg
2025-05-11 11:53:51,480 INFO    MainThread:31227 [wandb_run.py:_redirect():2227] redirect: wrap_raw
2025-05-11 11:53:51,480 INFO    MainThread:31227 [wandb_run.py:_redirect():2292] Wrapping output streams.
2025-05-11 11:53:51,480 INFO    MainThread:31227 [wandb_run.py:_redirect():2317] Redirects installed.
2025-05-11 11:53:51,482 INFO    MainThread:31227 [wandb_init.py:init():1037] run started, returning control to user process
2025-05-11 11:53:51,516 WARNING MsgRouterThr:31227 [router.py:message_loop():77] message_loop has been closed
Traceback (most recent call last):
  File "/u/yzhang70/miniconda3/envs/pinn/lib/python3.10/site-packages/wandb/sdk/interface/router_sock.py", line 28, in _read_message
    resp = self._sock_client.read_server_response(timeout=1)
  File "/u/yzhang70/miniconda3/envs/pinn/lib/python3.10/site-packages/wandb/sdk/lib/sock_client.py", line 285, in read_server_response
    data = self._read_packet_bytes(timeout=timeout)
  File "/u/yzhang70/miniconda3/envs/pinn/lib/python3.10/site-packages/wandb/sdk/lib/sock_client.py", line 270, in _read_packet_bytes
    raise SockClientClosedError
wandb.sdk.lib.sock_client.SockClientClosedError

The above exception was the direct cause of the following exception:

Traceback (most recent call last):
  File "/u/yzhang70/miniconda3/envs/pinn/lib/python3.10/site-packages/wandb/sdk/interface/router.py", line 70, in message_loop
    msg = self._read_message()
  File "/u/yzhang70/miniconda3/envs/pinn/lib/python3.10/site-packages/wandb/sdk/interface/router_sock.py", line 30, in _read_message
    raise MessageRouterClosedError from e
wandb.sdk.interface.router.MessageRouterClosedError
2025-05-11 11:53:51,537 INFO    MsgRouterThr:31227 [mailbox.py:close():115] Closing mailbox, abandoning 3 handles.
